Internal Server Error: /spotify/get-personal-tracks
Traceback (most recent call last):
  File "/Users/joeymarkley/Documents/Visual Studio Code/Mobile Development/SoundScout/backend-env/lib/python3.11/site-packages/django/core/handlers/exception.py", line 56, in inner
    response = get_response(request)
               ^^^^^^^^^^^^^^^^^^^^^
  File "/Users/joeymarkley/Documents/Visual Studio Code/Mobile Development/SoundScout/backend-env/lib/python3.11/site-packages/django/core/handlers/base.py", line 197, in _get_response
    response = wrapped_callback(request, *callback_args, **callback_kwargs)
               ^^^^^^^^^^^^^^^^^^^^^^^^^^^^^^^^^^^^^^^^^^^^^^^^^^^^^^^^^^^^
  File "/Users/joeymarkley/Documents/Visual Studio Code/Mobile Development/SoundScout/backend-env/lib/python3.11/site-packages/django/views/decorators/csrf.py", line 55, in wrapped_view
    return view_func(*args, **kwargs)
           ^^^^^^^^^^^^^^^^^^^^^^^^^^
  File "/Users/joeymarkley/Documents/Visual Studio Code/Mobile Development/SoundScout/backend-env/lib/python3.11/site-packages/django/views/generic/base.py", line 103, in view
    return self.dispatch(request, *args, **kwargs)
           ^^^^^^^^^^^^^^^^^^^^^^^^^^^^^^^^^^^^^^^
  File "/Users/joeymarkley/Documents/Visual Studio Code/Mobile Development/SoundScout/backend-env/lib/python3.11/site-packages/rest_framework/views.py", line 509, in dispatch
    response = self.handle_exception(exc)
               ^^^^^^^^^^^^^^^^^^^^^^^^^^
  File "/Users/joeymarkley/Documents/Visual Studio Code/Mobile Development/SoundScout/backend-env/lib/python3.11/site-packages/rest_framework/views.py", line 469, in handle_exception
    self.raise_uncaught_exception(exc)
  File "/Users/joeymarkley/Documents/Visual Studio Code/Mobile Development/SoundScout/backend-env/lib/python3.11/site-packages/rest_framework/views.py", line 480, in raise_uncaught_exception
    raise exc
  File "/Users/joeymarkley/Documents/Visual Studio Code/Mobile Development/SoundScout/backend-env/lib/python3.11/site-packages/rest_framework/views.py", line 506, in dispatch
    response = handler(request, *args, **kwargs)
               ^^^^^^^^^^^^^^^^^^^^^^^^^^^^^^^^^
  File "/Users/joeymarkley/Documents/Visual Studio Code/Mobile Development/SoundScout/backend-env/backend/spotify/views.py", line 55, in get
    for track in response['items']:
                 ~~~~~~~~^^^^^^^^^
TypeError: 'Response' object is not subscriptable
<Response [400]>
Internal Server Error: /spotify/get-personal-tracks
Traceback (most recent call last):
  File "/Users/joeymarkley/Documents/Visual Studio Code/Mobile Development/SoundScout/backend-env/lib/python3.11/site-packages/django/core/handlers/exception.py", line 56, in inner
    response = get_response(request)
               ^^^^^^^^^^^^^^^^^^^^^
  File "/Users/joeymarkley/Documents/Visual Studio Code/Mobile Development/SoundScout/backend-env/lib/python3.11/site-packages/django/core/handlers/base.py", line 197, in _get_response
    response = wrapped_callback(request, *callback_args, **callback_kwargs)
               ^^^^^^^^^^^^^^^^^^^^^^^^^^^^^^^^^^^^^^^^^^^^^^^^^^^^^^^^^^^^
  File "/Users/joeymarkley/Documents/Visual Studio Code/Mobile Development/SoundScout/backend-env/lib/python3.11/site-packages/django/views/decorators/csrf.py", line 55, in wrapped_view
    return view_func(*args, **kwargs)
           ^^^^^^^^^^^^^^^^^^^^^^^^^^
  File "/Users/joeymarkley/Documents/Visual Studio Code/Mobile Development/SoundScout/backend-env/lib/python3.11/site-packages/django/views/generic/base.py", line 103, in view
    return self.dispatch(request, *args, **kwargs)
           ^^^^^^^^^^^^^^^^^^^^^^^^^^^^^^^^^^^^^^^
  File "/Users/joeymarkley/Documents/Visual Studio Code/Mobile Development/SoundScout/backend-env/lib/python3.11/site-packages/rest_framework/views.py", line 509, in dispatch
    response = self.handle_exception(exc)
               ^^^^^^^^^^^^^^^^^^^^^^^^^^
  File "/Users/joeymarkley/Documents/Visual Studio Code/Mobile Development/SoundScout/backend-env/lib/python3.11/site-packages/rest_framework/views.py", line 469, in handle_exception
    self.raise_uncaught_exception(exc)
  File "/Users/joeymarkley/Documents/Visual Studio Code/Mobile Development/SoundScout/backend-env/lib/python3.11/site-packages/rest_framework/views.py", line 480, in raise_uncaught_exception
    raise exc
  File "/Users/joeymarkley/Documents/Visual Studio Code/Mobile Development/SoundScout/backend-env/lib/python3.11/site-packages/rest_framework/views.py", line 506, in dispatch
    response = handler(request, *args, **kwargs)
               ^^^^^^^^^^^^^^^^^^^^^^^^^^^^^^^^^
  File "/Users/joeymarkley/Documents/Visual Studio Code/Mobile Development/SoundScout/backend-env/backend/spotify/views.py", line 55, in get
    for track in response['items']:
                 ~~~~~~~~^^^^^^^^^
TypeError: 'Response' object is not subscriptable
<Response [400]>
Internal Server Error: /spotify/get-personal-tracks
Traceback (most recent call last):
  File "/Users/joeymarkley/Documents/Visual Studio Code/Mobile Development/SoundScout/backend-env/lib/python3.11/site-packages/django/core/handlers/exception.py", line 56, in inner
    response = get_response(request)
               ^^^^^^^^^^^^^^^^^^^^^
  File "/Users/joeymarkley/Documents/Visual Studio Code/Mobile Development/SoundScout/backend-env/lib/python3.11/site-packages/django/core/handlers/base.py", line 197, in _get_response
    response = wrapped_callback(request, *callback_args, **callback_kwargs)
               ^^^^^^^^^^^^^^^^^^^^^^^^^^^^^^^^^^^^^^^^^^^^^^^^^^^^^^^^^^^^
  File "/Users/joeymarkley/Documents/Visual Studio Code/Mobile Development/SoundScout/backend-env/lib/python3.11/site-packages/django/views/decorators/csrf.py", line 55, in wrapped_view
    return view_func(*args, **kwargs)
           ^^^^^^^^^^^^^^^^^^^^^^^^^^
  File "/Users/joeymarkley/Documents/Visual Studio Code/Mobile Development/SoundScout/backend-env/lib/python3.11/site-packages/django/views/generic/base.py", line 103, in view
    return self.dispatch(request, *args, **kwargs)
           ^^^^^^^^^^^^^^^^^^^^^^^^^^^^^^^^^^^^^^^
  File "/Users/joeymarkley/Documents/Visual Studio Code/Mobile Development/SoundScout/backend-env/lib/python3.11/site-packages/rest_framework/views.py", line 509, in dispatch
    response = self.handle_exception(exc)
               ^^^^^^^^^^^^^^^^^^^^^^^^^^
  File "/Users/joeymarkley/Documents/Visual Studio Code/Mobile Development/SoundScout/backend-env/lib/python3.11/site-packages/rest_framework/views.py", line 469, in handle_exception
    self.raise_uncaught_exception(exc)
  File "/Users/joeymarkley/Documents/Visual Studio Code/Mobile Development/SoundScout/backend-env/lib/python3.11/site-packages/rest_framework/views.py", line 480, in raise_uncaught_exception
    raise exc
  File "/Users/joeymarkley/Documents/Visual Studio Code/Mobile Development/SoundScout/backend-env/lib/python3.11/site-packages/rest_framework/views.py", line 506, in dispatch
    response = handler(request, *args, **kwargs)
               ^^^^^^^^^^^^^^^^^^^^^^^^^^^^^^^^^
  File "/Users/joeymarkley/Documents/Visual Studio Code/Mobile Development/SoundScout/backend-env/backend/spotify/views.py", line 55, in get
    for track in response['items']:
                 ~~~~~~~~^^^^^^^^^
TypeError: 'Response' object is not subscriptable
<Response [400]>
Internal Server Error: /spotify/get-personal-tracks
Traceback (most recent call last):
  File "/Users/joeymarkley/Documents/Visual Studio Code/Mobile Development/SoundScout/backend-env/lib/python3.11/site-packages/django/core/handlers/exception.py", line 56, in inner
    response = get_response(request)
               ^^^^^^^^^^^^^^^^^^^^^
  File "/Users/joeymarkley/Documents/Visual Studio Code/Mobile Development/SoundScout/backend-env/lib/python3.11/site-packages/django/core/handlers/base.py", line 197, in _get_response
    response = wrapped_callback(request, *callback_args, **callback_kwargs)
               ^^^^^^^^^^^^^^^^^^^^^^^^^^^^^^^^^^^^^^^^^^^^^^^^^^^^^^^^^^^^
  File "/Users/joeymarkley/Documents/Visual Studio Code/Mobile Development/SoundScout/backend-env/lib/python3.11/site-packages/django/views/decorators/csrf.py", line 55, in wrapped_view
    return view_func(*args, **kwargs)
           ^^^^^^^^^^^^^^^^^^^^^^^^^^
  File "/Users/joeymarkley/Documents/Visual Studio Code/Mobile Development/SoundScout/backend-env/lib/python3.11/site-packages/django/views/generic/base.py", line 103, in view
    return self.dispatch(request, *args, **kwargs)
           ^^^^^^^^^^^^^^^^^^^^^^^^^^^^^^^^^^^^^^^
  File "/Users/joeymarkley/Documents/Visual Studio Code/Mobile Development/SoundScout/backend-env/lib/python3.11/site-packages/rest_framework/views.py", line 509, in dispatch
    response = self.handle_exception(exc)
               ^^^^^^^^^^^^^^^^^^^^^^^^^^
  File "/Users/joeymarkley/Documents/Visual Studio Code/Mobile Development/SoundScout/backend-env/lib/python3.11/site-packages/rest_framework/views.py", line 469, in handle_exception
    self.raise_uncaught_exception(exc)
  File "/Users/joeymarkley/Documents/Visual Studio Code/Mobile Development/SoundScout/backend-env/lib/python3.11/site-packages/rest_framework/views.py", line 480, in raise_uncaught_exception
    raise exc
  File "/Users/joeymarkley/Documents/Visual Studio Code/Mobile Development/SoundScout/backend-env/lib/python3.11/site-packages/rest_framework/views.py", line 506, in dispatch
    response = handler(request, *args, **kwargs)
               ^^^^^^^^^^^^^^^^^^^^^^^^^^^^^^^^^
  File "/Users/joeymarkley/Documents/Visual Studio Code/Mobile Development/SoundScout/backend-env/backend/spotify/views.py", line 55, in get
    for track in response['items']:
                 ~~~~~~~~^^^^^^^^^
KeyError: 'items'
<Response [400]>
Internal Server Error: /spotify/get-personal-tracks
Traceback (most recent call last):
  File "/Users/joeymarkley/Documents/Visual Studio Code/Mobile Development/SoundScout/backend-env/lib/python3.11/site-packages/django/core/handlers/exception.py", line 56, in inner
    response = get_response(request)
               ^^^^^^^^^^^^^^^^^^^^^
  File "/Users/joeymarkley/Documents/Visual Studio Code/Mobile Development/SoundScout/backend-env/lib/python3.11/site-packages/django/core/handlers/base.py", line 197, in _get_response
    response = wrapped_callback(request, *callback_args, **callback_kwargs)
               ^^^^^^^^^^^^^^^^^^^^^^^^^^^^^^^^^^^^^^^^^^^^^^^^^^^^^^^^^^^^
  File "/Users/joeymarkley/Documents/Visual Studio Code/Mobile Development/SoundScout/backend-env/lib/python3.11/site-packages/django/views/decorators/csrf.py", line 55, in wrapped_view
    return view_func(*args, **kwargs)
           ^^^^^^^^^^^^^^^^^^^^^^^^^^
  File "/Users/joeymarkley/Documents/Visual Studio Code/Mobile Development/SoundScout/backend-env/lib/python3.11/site-packages/django/views/generic/base.py", line 103, in view
    return self.dispatch(request, *args, **kwargs)
           ^^^^^^^^^^^^^^^^^^^^^^^^^^^^^^^^^^^^^^^
  File "/Users/joeymarkley/Documents/Visual Studio Code/Mobile Development/SoundScout/backend-env/lib/python3.11/site-packages/rest_framework/views.py", line 509, in dispatch
    response = self.handle_exception(exc)
               ^^^^^^^^^^^^^^^^^^^^^^^^^^
  File "/Users/joeymarkley/Documents/Visual Studio Code/Mobile Development/SoundScout/backend-env/lib/python3.11/site-packages/rest_framework/views.py", line 469, in handle_exception
    self.raise_uncaught_exception(exc)
  File "/Users/joeymarkley/Documents/Visual Studio Code/Mobile Development/SoundScout/backend-env/lib/python3.11/site-packages/rest_framework/views.py", line 480, in raise_uncaught_exception
    raise exc
  File "/Users/joeymarkley/Documents/Visual Studio Code/Mobile Development/SoundScout/backend-env/lib/python3.11/site-packages/rest_framework/views.py", line 506, in dispatch
    response = handler(request, *args, **kwargs)
               ^^^^^^^^^^^^^^^^^^^^^^^^^^^^^^^^^
  File "/Users/joeymarkley/Documents/Visual Studio Code/Mobile Development/SoundScout/backend-env/backend/spotify/views.py", line 55, in get
    for track in response.get('item'):
TypeError: 'NoneType' object is not iterable
Internal Server Error: /spotify/get-personal-tracks
Traceback (most recent call last):
  File "/Users/joeymarkley/Documents/Visual Studio Code/Mobile Development/SoundScout/backend-env/lib/python3.11/site-packages/requests/models.py", line 971, in json
    return complexjson.loads(self.text, **kwargs)
           ^^^^^^^^^^^^^^^^^^^^^^^^^^^^^^^^^^^^^^
  File "/Library/Frameworks/Python.framework/Versions/3.11/lib/python3.11/json/__init__.py", line 346, in loads
    return _default_decoder.decode(s)
           ^^^^^^^^^^^^^^^^^^^^^^^^^^
  File "/Library/Frameworks/Python.framework/Versions/3.11/lib/python3.11/json/decoder.py", line 337, in decode
    obj, end = self.raw_decode(s, idx=_w(s, 0).end())
               ^^^^^^^^^^^^^^^^^^^^^^^^^^^^^^^^^^^^^^
  File "/Library/Frameworks/Python.framework/Versions/3.11/lib/python3.11/json/decoder.py", line 355, in raw_decode
    raise JSONDecodeError("Expecting value", s, err.value) from None
json.decoder.JSONDecodeError: Expecting value: line 2 column 1 (char 1)

During handling of the above exception, another exception occurred:

Traceback (most recent call last):
  File "/Users/joeymarkley/Documents/Visual Studio Code/Mobile Development/SoundScout/backend-env/lib/python3.11/site-packages/django/core/handlers/exception.py", line 56, in inner
    response = get_response(request)
               ^^^^^^^^^^^^^^^^^^^^^
  File "/Users/joeymarkley/Documents/Visual Studio Code/Mobile Development/SoundScout/backend-env/lib/python3.11/site-packages/django/core/handlers/base.py", line 197, in _get_response
    response = wrapped_callback(request, *callback_args, **callback_kwargs)
               ^^^^^^^^^^^^^^^^^^^^^^^^^^^^^^^^^^^^^^^^^^^^^^^^^^^^^^^^^^^^
  File "/Users/joeymarkley/Documents/Visual Studio Code/Mobile Development/SoundScout/backend-env/lib/python3.11/site-packages/django/views/decorators/csrf.py", line 55, in wrapped_view
    return view_func(*args, **kwargs)
           ^^^^^^^^^^^^^^^^^^^^^^^^^^
  File "/Users/joeymarkley/Documents/Visual Studio Code/Mobile Development/SoundScout/backend-env/lib/python3.11/site-packages/django/views/generic/base.py", line 103, in view
    return self.dispatch(request, *args, **kwargs)
           ^^^^^^^^^^^^^^^^^^^^^^^^^^^^^^^^^^^^^^^
  File "/Users/joeymarkley/Documents/Visual Studio Code/Mobile Development/SoundScout/backend-env/lib/python3.11/site-packages/rest_framework/views.py", line 509, in dispatch
    response = self.handle_exception(exc)
               ^^^^^^^^^^^^^^^^^^^^^^^^^^
  File "/Users/joeymarkley/Documents/Visual Studio Code/Mobile Development/SoundScout/backend-env/lib/python3.11/site-packages/rest_framework/views.py", line 469, in handle_exception
    self.raise_uncaught_exception(exc)
  File "/Users/joeymarkley/Documents/Visual Studio Code/Mobile Development/SoundScout/backend-env/lib/python3.11/site-packages/rest_framework/views.py", line 480, in raise_uncaught_exception
    raise exc
  File "/Users/joeymarkley/Documents/Visual Studio Code/Mobile Development/SoundScout/backend-env/lib/python3.11/site-packages/rest_framework/views.py", line 506, in dispatch
    response = handler(request, *args, **kwargs)
               ^^^^^^^^^^^^^^^^^^^^^^^^^^^^^^^^^
  File "/Users/joeymarkley/Documents/Visual Studio Code/Mobile Development/SoundScout/backend-env/backend/spotify/views.py", line 61, in get
    }).json()
       ^^^^^^
  File "/Users/joeymarkley/Documents/Visual Studio Code/Mobile Development/SoundScout/backend-env/lib/python3.11/site-packages/requests/models.py", line 975, in json
    raise RequestsJSONDecodeError(e.msg, e.doc, e.pos)
requests.exceptions.JSONDecodeError: Expecting value: line 2 column 1 (char 1)
Internal Server Error: /spotify/get-personal-tracks
Traceback (most recent call last):
  File "/Users/joeymarkley/Documents/Visual Studio Code/Mobile Development/SoundScout/backend-env/lib/python3.11/site-packages/django/core/handlers/exception.py", line 56, in inner
    response = get_response(request)
               ^^^^^^^^^^^^^^^^^^^^^
  File "/Users/joeymarkley/Documents/Visual Studio Code/Mobile Development/SoundScout/backend-env/lib/python3.11/site-packages/django/core/handlers/base.py", line 197, in _get_response
    response = wrapped_callback(request, *callback_args, **callback_kwargs)
               ^^^^^^^^^^^^^^^^^^^^^^^^^^^^^^^^^^^^^^^^^^^^^^^^^^^^^^^^^^^^
  File "/Users/joeymarkley/Documents/Visual Studio Code/Mobile Development/SoundScout/backend-env/lib/python3.11/site-packages/django/views/decorators/csrf.py", line 55, in wrapped_view
    return view_func(*args, **kwargs)
           ^^^^^^^^^^^^^^^^^^^^^^^^^^
  File "/Users/joeymarkley/Documents/Visual Studio Code/Mobile Development/SoundScout/backend-env/lib/python3.11/site-packages/django/views/generic/base.py", line 103, in view
    return self.dispatch(request, *args, **kwargs)
           ^^^^^^^^^^^^^^^^^^^^^^^^^^^^^^^^^^^^^^^
  File "/Users/joeymarkley/Documents/Visual Studio Code/Mobile Development/SoundScout/backend-env/lib/python3.11/site-packages/rest_framework/views.py", line 509, in dispatch
    response = self.handle_exception(exc)
               ^^^^^^^^^^^^^^^^^^^^^^^^^^
  File "/Users/joeymarkley/Documents/Visual Studio Code/Mobile Development/SoundScout/backend-env/lib/python3.11/site-packages/rest_framework/views.py", line 469, in handle_exception
    self.raise_uncaught_exception(exc)
  File "/Users/joeymarkley/Documents/Visual Studio Code/Mobile Development/SoundScout/backend-env/lib/python3.11/site-packages/rest_framework/views.py", line 480, in raise_uncaught_exception
    raise exc
  File "/Users/joeymarkley/Documents/Visual Studio Code/Mobile Development/SoundScout/backend-env/lib/python3.11/site-packages/rest_framework/views.py", line 506, in dispatch
    response = handler(request, *args, **kwargs)
               ^^^^^^^^^^^^^^^^^^^^^^^^^^^^^^^^^
  File "/Users/joeymarkley/Documents/Visual Studio Code/Mobile Development/SoundScout/backend-env/backend/spotify/views.py", line 53, in get
    response = execute_spotify_api_request(user=request.user, endpoint=endpoint, data=data)
               ^^^^^^^^^^^^^^^^^^^^^^^^^^^^^^^^^^^^^^^^^^^^^^^^^^^^^^^^^^^^^^^^^^^^^^^^^^^^
  File "/Users/joeymarkley/Documents/Visual Studio Code/Mobile Development/SoundScout/backend-env/backend/spotify/utils.py", line 67, in execute_spotify_api_request
    header = {'Content-Type': 'application/json', 'Authorization': "Bearer " + token.access_token}
                                                                               ^^^^^^^^^^^^^^^^^^
AttributeError: 'NoneType' object has no attribute 'access_token'
Internal Server Error: /spotify/get-personal-tracks
Traceback (most recent call last):
  File "/Users/joeymarkley/Documents/Visual Studio Code/Mobile Development/SoundScout/backend-env/lib/python3.11/site-packages/django/core/handlers/exception.py", line 56, in inner
    response = get_response(request)
               ^^^^^^^^^^^^^^^^^^^^^
  File "/Users/joeymarkley/Documents/Visual Studio Code/Mobile Development/SoundScout/backend-env/lib/python3.11/site-packages/django/core/handlers/base.py", line 197, in _get_response
    response = wrapped_callback(request, *callback_args, **callback_kwargs)
               ^^^^^^^^^^^^^^^^^^^^^^^^^^^^^^^^^^^^^^^^^^^^^^^^^^^^^^^^^^^^
  File "/Users/joeymarkley/Documents/Visual Studio Code/Mobile Development/SoundScout/backend-env/lib/python3.11/site-packages/django/views/decorators/csrf.py", line 55, in wrapped_view
    return view_func(*args, **kwargs)
           ^^^^^^^^^^^^^^^^^^^^^^^^^^
  File "/Users/joeymarkley/Documents/Visual Studio Code/Mobile Development/SoundScout/backend-env/lib/python3.11/site-packages/django/views/generic/base.py", line 103, in view
    return self.dispatch(request, *args, **kwargs)
           ^^^^^^^^^^^^^^^^^^^^^^^^^^^^^^^^^^^^^^^
  File "/Users/joeymarkley/Documents/Visual Studio Code/Mobile Development/SoundScout/backend-env/lib/python3.11/site-packages/rest_framework/views.py", line 509, in dispatch
    response = self.handle_exception(exc)
               ^^^^^^^^^^^^^^^^^^^^^^^^^^
  File "/Users/joeymarkley/Documents/Visual Studio Code/Mobile Development/SoundScout/backend-env/lib/python3.11/site-packages/rest_framework/views.py", line 469, in handle_exception
    self.raise_uncaught_exception(exc)
  File "/Users/joeymarkley/Documents/Visual Studio Code/Mobile Development/SoundScout/backend-env/lib/python3.11/site-packages/rest_framework/views.py", line 480, in raise_uncaught_exception
    raise exc
  File "/Users/joeymarkley/Documents/Visual Studio Code/Mobile Development/SoundScout/backend-env/lib/python3.11/site-packages/rest_framework/views.py", line 506, in dispatch
    response = handler(request, *args, **kwargs)
               ^^^^^^^^^^^^^^^^^^^^^^^^^^^^^^^^^
  File "/Users/joeymarkley/Documents/Visual Studio Code/Mobile Development/SoundScout/backend-env/backend/spotify/views.py", line 56, in get
    for track in response.get('item'):
TypeError: 'NoneType' object is not iterable
Internal Server Error: /spotify/get-personal-tracks
Traceback (most recent call last):
  File "/Users/joeymarkley/Documents/Visual Studio Code/Mobile Development/SoundScout/backend-env/lib/python3.11/site-packages/django/core/handlers/exception.py", line 56, in inner
    response = get_response(request)
               ^^^^^^^^^^^^^^^^^^^^^
  File "/Users/joeymarkley/Documents/Visual Studio Code/Mobile Development/SoundScout/backend-env/lib/python3.11/site-packages/django/core/handlers/base.py", line 197, in _get_response
    response = wrapped_callback(request, *callback_args, **callback_kwargs)
               ^^^^^^^^^^^^^^^^^^^^^^^^^^^^^^^^^^^^^^^^^^^^^^^^^^^^^^^^^^^^
  File "/Users/joeymarkley/Documents/Visual Studio Code/Mobile Development/SoundScout/backend-env/lib/python3.11/site-packages/django/views/decorators/csrf.py", line 55, in wrapped_view
    return view_func(*args, **kwargs)
           ^^^^^^^^^^^^^^^^^^^^^^^^^^
  File "/Users/joeymarkley/Documents/Visual Studio Code/Mobile Development/SoundScout/backend-env/lib/python3.11/site-packages/django/views/generic/base.py", line 103, in view
    return self.dispatch(request, *args, **kwargs)
           ^^^^^^^^^^^^^^^^^^^^^^^^^^^^^^^^^^^^^^^
  File "/Users/joeymarkley/Documents/Visual Studio Code/Mobile Development/SoundScout/backend-env/lib/python3.11/site-packages/rest_framework/views.py", line 509, in dispatch
    response = self.handle_exception(exc)
               ^^^^^^^^^^^^^^^^^^^^^^^^^^
  File "/Users/joeymarkley/Documents/Visual Studio Code/Mobile Development/SoundScout/backend-env/lib/python3.11/site-packages/rest_framework/views.py", line 469, in handle_exception
    self.raise_uncaught_exception(exc)
  File "/Users/joeymarkley/Documents/Visual Studio Code/Mobile Development/SoundScout/backend-env/lib/python3.11/site-packages/rest_framework/views.py", line 480, in raise_uncaught_exception
    raise exc
  File "/Users/joeymarkley/Documents/Visual Studio Code/Mobile Development/SoundScout/backend-env/lib/python3.11/site-packages/rest_framework/views.py", line 506, in dispatch
    response = handler(request, *args, **kwargs)
               ^^^^^^^^^^^^^^^^^^^^^^^^^^^^^^^^^
  File "/Users/joeymarkley/Documents/Visual Studio Code/Mobile Development/SoundScout/backend-env/backend/spotify/views.py", line 56, in get
    for track in response.get('item'):
TypeError: 'NoneType' object is not iterable
Internal Server Error: /spotify/get-personal-tracks
Traceback (most recent call last):
  File "/Users/joeymarkley/Documents/Visual Studio Code/Mobile Development/SoundScout/backend-env/lib/python3.11/site-packages/django/core/handlers/exception.py", line 56, in inner
    response = get_response(request)
               ^^^^^^^^^^^^^^^^^^^^^
  File "/Users/joeymarkley/Documents/Visual Studio Code/Mobile Development/SoundScout/backend-env/lib/python3.11/site-packages/django/core/handlers/base.py", line 197, in _get_response
    response = wrapped_callback(request, *callback_args, **callback_kwargs)
               ^^^^^^^^^^^^^^^^^^^^^^^^^^^^^^^^^^^^^^^^^^^^^^^^^^^^^^^^^^^^
  File "/Users/joeymarkley/Documents/Visual Studio Code/Mobile Development/SoundScout/backend-env/lib/python3.11/site-packages/django/views/decorators/csrf.py", line 55, in wrapped_view
    return view_func(*args, **kwargs)
           ^^^^^^^^^^^^^^^^^^^^^^^^^^
  File "/Users/joeymarkley/Documents/Visual Studio Code/Mobile Development/SoundScout/backend-env/lib/python3.11/site-packages/django/views/generic/base.py", line 103, in view
    return self.dispatch(request, *args, **kwargs)
           ^^^^^^^^^^^^^^^^^^^^^^^^^^^^^^^^^^^^^^^
  File "/Users/joeymarkley/Documents/Visual Studio Code/Mobile Development/SoundScout/backend-env/lib/python3.11/site-packages/rest_framework/views.py", line 509, in dispatch
    response = self.handle_exception(exc)
               ^^^^^^^^^^^^^^^^^^^^^^^^^^
  File "/Users/joeymarkley/Documents/Visual Studio Code/Mobile Development/SoundScout/backend-env/lib/python3.11/site-packages/rest_framework/views.py", line 469, in handle_exception
    self.raise_uncaught_exception(exc)
  File "/Users/joeymarkley/Documents/Visual Studio Code/Mobile Development/SoundScout/backend-env/lib/python3.11/site-packages/rest_framework/views.py", line 480, in raise_uncaught_exception
    raise exc
  File "/Users/joeymarkley/Documents/Visual Studio Code/Mobile Development/SoundScout/backend-env/lib/python3.11/site-packages/rest_framework/views.py", line 506, in dispatch
    response = handler(request, *args, **kwargs)
               ^^^^^^^^^^^^^^^^^^^^^^^^^^^^^^^^^
  File "/Users/joeymarkley/Documents/Visual Studio Code/Mobile Development/SoundScout/backend-env/backend/spotify/views.py", line 56, in get
    for track in response.get('item'):
TypeError: 'NoneType' object is not iterable
Bad Request: /authentication/get-auth-token
Unauthorized: /authentication/login
Unauthorized: /spotify/is-authenticated
Internal Server Error: /spotify/get-personal-tracks
Traceback (most recent call last):
  File "/Users/joeymarkley/Documents/Visual Studio Code/Mobile Development/SoundScout/backend-env/lib/python3.11/site-packages/django/core/handlers/exception.py", line 56, in inner
    response = get_response(request)
               ^^^^^^^^^^^^^^^^^^^^^
  File "/Users/joeymarkley/Documents/Visual Studio Code/Mobile Development/SoundScout/backend-env/lib/python3.11/site-packages/django/core/handlers/base.py", line 197, in _get_response
    response = wrapped_callback(request, *callback_args, **callback_kwargs)
               ^^^^^^^^^^^^^^^^^^^^^^^^^^^^^^^^^^^^^^^^^^^^^^^^^^^^^^^^^^^^
  File "/Users/joeymarkley/Documents/Visual Studio Code/Mobile Development/SoundScout/backend-env/lib/python3.11/site-packages/django/views/decorators/csrf.py", line 55, in wrapped_view
    return view_func(*args, **kwargs)
           ^^^^^^^^^^^^^^^^^^^^^^^^^^
  File "/Users/joeymarkley/Documents/Visual Studio Code/Mobile Development/SoundScout/backend-env/lib/python3.11/site-packages/django/views/generic/base.py", line 103, in view
    return self.dispatch(request, *args, **kwargs)
           ^^^^^^^^^^^^^^^^^^^^^^^^^^^^^^^^^^^^^^^
  File "/Users/joeymarkley/Documents/Visual Studio Code/Mobile Development/SoundScout/backend-env/lib/python3.11/site-packages/rest_framework/views.py", line 509, in dispatch
    response = self.handle_exception(exc)
               ^^^^^^^^^^^^^^^^^^^^^^^^^^
  File "/Users/joeymarkley/Documents/Visual Studio Code/Mobile Development/SoundScout/backend-env/lib/python3.11/site-packages/rest_framework/views.py", line 469, in handle_exception
    self.raise_uncaught_exception(exc)
  File "/Users/joeymarkley/Documents/Visual Studio Code/Mobile Development/SoundScout/backend-env/lib/python3.11/site-packages/rest_framework/views.py", line 480, in raise_uncaught_exception
    raise exc
  File "/Users/joeymarkley/Documents/Visual Studio Code/Mobile Development/SoundScout/backend-env/lib/python3.11/site-packages/rest_framework/views.py", line 506, in dispatch
    response = handler(request, *args, **kwargs)
               ^^^^^^^^^^^^^^^^^^^^^^^^^^^^^^^^^
  File "/Users/joeymarkley/Documents/Visual Studio Code/Mobile Development/SoundScout/backend-env/backend/spotify/views.py", line 57, in get
    for track in response.get('item'):
TypeError: 'NoneType' object is not iterable
Internal Server Error: /spotify/get-personal-tracks
Traceback (most recent call last):
  File "/Users/joeymarkley/Documents/Visual Studio Code/Mobile Development/SoundScout/backend-env/lib/python3.11/site-packages/django/core/handlers/exception.py", line 56, in inner
    response = get_response(request)
               ^^^^^^^^^^^^^^^^^^^^^
  File "/Users/joeymarkley/Documents/Visual Studio Code/Mobile Development/SoundScout/backend-env/lib/python3.11/site-packages/django/core/handlers/base.py", line 197, in _get_response
    response = wrapped_callback(request, *callback_args, **callback_kwargs)
               ^^^^^^^^^^^^^^^^^^^^^^^^^^^^^^^^^^^^^^^^^^^^^^^^^^^^^^^^^^^^
  File "/Users/joeymarkley/Documents/Visual Studio Code/Mobile Development/SoundScout/backend-env/lib/python3.11/site-packages/django/views/decorators/csrf.py", line 55, in wrapped_view
    return view_func(*args, **kwargs)
           ^^^^^^^^^^^^^^^^^^^^^^^^^^
  File "/Users/joeymarkley/Documents/Visual Studio Code/Mobile Development/SoundScout/backend-env/lib/python3.11/site-packages/django/views/generic/base.py", line 103, in view
    return self.dispatch(request, *args, **kwargs)
           ^^^^^^^^^^^^^^^^^^^^^^^^^^^^^^^^^^^^^^^
  File "/Users/joeymarkley/Documents/Visual Studio Code/Mobile Development/SoundScout/backend-env/lib/python3.11/site-packages/rest_framework/views.py", line 509, in dispatch
    response = self.handle_exception(exc)
               ^^^^^^^^^^^^^^^^^^^^^^^^^^
  File "/Users/joeymarkley/Documents/Visual Studio Code/Mobile Development/SoundScout/backend-env/lib/python3.11/site-packages/rest_framework/views.py", line 469, in handle_exception
    self.raise_uncaught_exception(exc)
  File "/Users/joeymarkley/Documents/Visual Studio Code/Mobile Development/SoundScout/backend-env/lib/python3.11/site-packages/rest_framework/views.py", line 480, in raise_uncaught_exception
    raise exc
  File "/Users/joeymarkley/Documents/Visual Studio Code/Mobile Development/SoundScout/backend-env/lib/python3.11/site-packages/rest_framework/views.py", line 506, in dispatch
    response = handler(request, *args, **kwargs)
               ^^^^^^^^^^^^^^^^^^^^^^^^^^^^^^^^^
  File "/Users/joeymarkley/Documents/Visual Studio Code/Mobile Development/SoundScout/backend-env/backend/spotify/views.py", line 61, in get
    for track in response.get('item'):
TypeError: 'NoneType' object is not iterable
Internal Server Error: /spotify/get-personal-tracks
Traceback (most recent call last):
  File "/Users/joeymarkley/Documents/Visual Studio Code/Mobile Development/SoundScout/backend-env/lib/python3.11/site-packages/django/core/handlers/exception.py", line 56, in inner
    response = get_response(request)
               ^^^^^^^^^^^^^^^^^^^^^
  File "/Users/joeymarkley/Documents/Visual Studio Code/Mobile Development/SoundScout/backend-env/lib/python3.11/site-packages/django/core/handlers/base.py", line 197, in _get_response
    response = wrapped_callback(request, *callback_args, **callback_kwargs)
               ^^^^^^^^^^^^^^^^^^^^^^^^^^^^^^^^^^^^^^^^^^^^^^^^^^^^^^^^^^^^
  File "/Users/joeymarkley/Documents/Visual Studio Code/Mobile Development/SoundScout/backend-env/lib/python3.11/site-packages/django/views/decorators/csrf.py", line 55, in wrapped_view
    return view_func(*args, **kwargs)
           ^^^^^^^^^^^^^^^^^^^^^^^^^^
  File "/Users/joeymarkley/Documents/Visual Studio Code/Mobile Development/SoundScout/backend-env/lib/python3.11/site-packages/django/views/generic/base.py", line 103, in view
    return self.dispatch(request, *args, **kwargs)
           ^^^^^^^^^^^^^^^^^^^^^^^^^^^^^^^^^^^^^^^
  File "/Users/joeymarkley/Documents/Visual Studio Code/Mobile Development/SoundScout/backend-env/lib/python3.11/site-packages/rest_framework/views.py", line 509, in dispatch
    response = self.handle_exception(exc)
               ^^^^^^^^^^^^^^^^^^^^^^^^^^
  File "/Users/joeymarkley/Documents/Visual Studio Code/Mobile Development/SoundScout/backend-env/lib/python3.11/site-packages/rest_framework/views.py", line 469, in handle_exception
    self.raise_uncaught_exception(exc)
  File "/Users/joeymarkley/Documents/Visual Studio Code/Mobile Development/SoundScout/backend-env/lib/python3.11/site-packages/rest_framework/views.py", line 480, in raise_uncaught_exception
    raise exc
  File "/Users/joeymarkley/Documents/Visual Studio Code/Mobile Development/SoundScout/backend-env/lib/python3.11/site-packages/rest_framework/views.py", line 506, in dispatch
    response = handler(request, *args, **kwargs)
               ^^^^^^^^^^^^^^^^^^^^^^^^^^^^^^^^^
  File "/Users/joeymarkley/Documents/Visual Studio Code/Mobile Development/SoundScout/backend-env/backend/spotify/views.py", line 61, in get
    for track in response.get('item'):
TypeError: 'NoneType' object is not iterable
Internal Server Error: /spotify/get-personal-tracks
Traceback (most recent call last):
  File "/Users/joeymarkley/Documents/Visual Studio Code/Mobile Development/SoundScout/backend-env/lib/python3.11/site-packages/django/core/handlers/exception.py", line 56, in inner
    response = get_response(request)
               ^^^^^^^^^^^^^^^^^^^^^
  File "/Users/joeymarkley/Documents/Visual Studio Code/Mobile Development/SoundScout/backend-env/lib/python3.11/site-packages/django/core/handlers/base.py", line 197, in _get_response
    response = wrapped_callback(request, *callback_args, **callback_kwargs)
               ^^^^^^^^^^^^^^^^^^^^^^^^^^^^^^^^^^^^^^^^^^^^^^^^^^^^^^^^^^^^
  File "/Users/joeymarkley/Documents/Visual Studio Code/Mobile Development/SoundScout/backend-env/lib/python3.11/site-packages/django/views/decorators/csrf.py", line 55, in wrapped_view
    return view_func(*args, **kwargs)
           ^^^^^^^^^^^^^^^^^^^^^^^^^^
  File "/Users/joeymarkley/Documents/Visual Studio Code/Mobile Development/SoundScout/backend-env/lib/python3.11/site-packages/django/views/generic/base.py", line 103, in view
    return self.dispatch(request, *args, **kwargs)
           ^^^^^^^^^^^^^^^^^^^^^^^^^^^^^^^^^^^^^^^
  File "/Users/joeymarkley/Documents/Visual Studio Code/Mobile Development/SoundScout/backend-env/lib/python3.11/site-packages/rest_framework/views.py", line 509, in dispatch
    response = self.handle_exception(exc)
               ^^^^^^^^^^^^^^^^^^^^^^^^^^
  File "/Users/joeymarkley/Documents/Visual Studio Code/Mobile Development/SoundScout/backend-env/lib/python3.11/site-packages/rest_framework/views.py", line 469, in handle_exception
    self.raise_uncaught_exception(exc)
  File "/Users/joeymarkley/Documents/Visual Studio Code/Mobile Development/SoundScout/backend-env/lib/python3.11/site-packages/rest_framework/views.py", line 480, in raise_uncaught_exception
    raise exc
  File "/Users/joeymarkley/Documents/Visual Studio Code/Mobile Development/SoundScout/backend-env/lib/python3.11/site-packages/rest_framework/views.py", line 506, in dispatch
    response = handler(request, *args, **kwargs)
               ^^^^^^^^^^^^^^^^^^^^^^^^^^^^^^^^^
  File "/Users/joeymarkley/Documents/Visual Studio Code/Mobile Development/SoundScout/backend-env/backend/spotify/views.py", line 61, in get
    for track in response.get('item'):
TypeError: 'NoneType' object is not iterable
Internal Server Error: /spotify/get-personal-tracks
Traceback (most recent call last):
  File "/Users/joeymarkley/Documents/Visual Studio Code/Mobile Development/SoundScout/backend-env/lib/python3.11/site-packages/django/core/handlers/exception.py", line 56, in inner
    response = get_response(request)
               ^^^^^^^^^^^^^^^^^^^^^
  File "/Users/joeymarkley/Documents/Visual Studio Code/Mobile Development/SoundScout/backend-env/lib/python3.11/site-packages/django/core/handlers/base.py", line 197, in _get_response
    response = wrapped_callback(request, *callback_args, **callback_kwargs)
               ^^^^^^^^^^^^^^^^^^^^^^^^^^^^^^^^^^^^^^^^^^^^^^^^^^^^^^^^^^^^
  File "/Users/joeymarkley/Documents/Visual Studio Code/Mobile Development/SoundScout/backend-env/lib/python3.11/site-packages/django/views/decorators/csrf.py", line 55, in wrapped_view
    return view_func(*args, **kwargs)
           ^^^^^^^^^^^^^^^^^^^^^^^^^^
  File "/Users/joeymarkley/Documents/Visual Studio Code/Mobile Development/SoundScout/backend-env/lib/python3.11/site-packages/django/views/generic/base.py", line 103, in view
    return self.dispatch(request, *args, **kwargs)
           ^^^^^^^^^^^^^^^^^^^^^^^^^^^^^^^^^^^^^^^
  File "/Users/joeymarkley/Documents/Visual Studio Code/Mobile Development/SoundScout/backend-env/lib/python3.11/site-packages/rest_framework/views.py", line 509, in dispatch
    response = self.handle_exception(exc)
               ^^^^^^^^^^^^^^^^^^^^^^^^^^
  File "/Users/joeymarkley/Documents/Visual Studio Code/Mobile Development/SoundScout/backend-env/lib/python3.11/site-packages/rest_framework/views.py", line 469, in handle_exception
    self.raise_uncaught_exception(exc)
  File "/Users/joeymarkley/Documents/Visual Studio Code/Mobile Development/SoundScout/backend-env/lib/python3.11/site-packages/rest_framework/views.py", line 480, in raise_uncaught_exception
    raise exc
  File "/Users/joeymarkley/Documents/Visual Studio Code/Mobile Development/SoundScout/backend-env/lib/python3.11/site-packages/rest_framework/views.py", line 506, in dispatch
    response = handler(request, *args, **kwargs)
               ^^^^^^^^^^^^^^^^^^^^^^^^^^^^^^^^^
  File "/Users/joeymarkley/Documents/Visual Studio Code/Mobile Development/SoundScout/backend-env/backend/spotify/views.py", line 61, in get
    for track in response.get('item'):
TypeError: 'NoneType' object is not iterable
Internal Server Error: /spotify/get-personal-tracks
Traceback (most recent call last):
  File "/Users/joeymarkley/Documents/Visual Studio Code/Mobile Development/SoundScout/backend-env/lib/python3.11/site-packages/django/core/handlers/exception.py", line 56, in inner
    response = get_response(request)
               ^^^^^^^^^^^^^^^^^^^^^
  File "/Users/joeymarkley/Documents/Visual Studio Code/Mobile Development/SoundScout/backend-env/lib/python3.11/site-packages/django/core/handlers/base.py", line 197, in _get_response
    response = wrapped_callback(request, *callback_args, **callback_kwargs)
               ^^^^^^^^^^^^^^^^^^^^^^^^^^^^^^^^^^^^^^^^^^^^^^^^^^^^^^^^^^^^
  File "/Users/joeymarkley/Documents/Visual Studio Code/Mobile Development/SoundScout/backend-env/lib/python3.11/site-packages/django/views/decorators/csrf.py", line 55, in wrapped_view
    return view_func(*args, **kwargs)
           ^^^^^^^^^^^^^^^^^^^^^^^^^^
  File "/Users/joeymarkley/Documents/Visual Studio Code/Mobile Development/SoundScout/backend-env/lib/python3.11/site-packages/django/views/generic/base.py", line 103, in view
    return self.dispatch(request, *args, **kwargs)
           ^^^^^^^^^^^^^^^^^^^^^^^^^^^^^^^^^^^^^^^
  File "/Users/joeymarkley/Documents/Visual Studio Code/Mobile Development/SoundScout/backend-env/lib/python3.11/site-packages/rest_framework/views.py", line 509, in dispatch
    response = self.handle_exception(exc)
               ^^^^^^^^^^^^^^^^^^^^^^^^^^
  File "/Users/joeymarkley/Documents/Visual Studio Code/Mobile Development/SoundScout/backend-env/lib/python3.11/site-packages/rest_framework/views.py", line 469, in handle_exception
    self.raise_uncaught_exception(exc)
  File "/Users/joeymarkley/Documents/Visual Studio Code/Mobile Development/SoundScout/backend-env/lib/python3.11/site-packages/rest_framework/views.py", line 480, in raise_uncaught_exception
    raise exc
  File "/Users/joeymarkley/Documents/Visual Studio Code/Mobile Development/SoundScout/backend-env/lib/python3.11/site-packages/rest_framework/views.py", line 506, in dispatch
    response = handler(request, *args, **kwargs)
               ^^^^^^^^^^^^^^^^^^^^^^^^^^^^^^^^^
  File "/Users/joeymarkley/Documents/Visual Studio Code/Mobile Development/SoundScout/backend-env/backend/spotify/views.py", line 61, in get
    for track in response.get('item'):
TypeError: 'NoneType' object is not iterable
Internal Server Error: /spotify/get-personal-tracks
Traceback (most recent call last):
  File "/Users/joeymarkley/Documents/Visual Studio Code/Mobile Development/SoundScout/backend-env/lib/python3.11/site-packages/django/core/handlers/exception.py", line 56, in inner
    response = get_response(request)
               ^^^^^^^^^^^^^^^^^^^^^
  File "/Users/joeymarkley/Documents/Visual Studio Code/Mobile Development/SoundScout/backend-env/lib/python3.11/site-packages/django/core/handlers/base.py", line 197, in _get_response
    response = wrapped_callback(request, *callback_args, **callback_kwargs)
               ^^^^^^^^^^^^^^^^^^^^^^^^^^^^^^^^^^^^^^^^^^^^^^^^^^^^^^^^^^^^
  File "/Users/joeymarkley/Documents/Visual Studio Code/Mobile Development/SoundScout/backend-env/lib/python3.11/site-packages/django/views/decorators/csrf.py", line 55, in wrapped_view
    return view_func(*args, **kwargs)
           ^^^^^^^^^^^^^^^^^^^^^^^^^^
  File "/Users/joeymarkley/Documents/Visual Studio Code/Mobile Development/SoundScout/backend-env/lib/python3.11/site-packages/django/views/generic/base.py", line 103, in view
    return self.dispatch(request, *args, **kwargs)
           ^^^^^^^^^^^^^^^^^^^^^^^^^^^^^^^^^^^^^^^
  File "/Users/joeymarkley/Documents/Visual Studio Code/Mobile Development/SoundScout/backend-env/lib/python3.11/site-packages/rest_framework/views.py", line 509, in dispatch
    response = self.handle_exception(exc)
               ^^^^^^^^^^^^^^^^^^^^^^^^^^
  File "/Users/joeymarkley/Documents/Visual Studio Code/Mobile Development/SoundScout/backend-env/lib/python3.11/site-packages/rest_framework/views.py", line 469, in handle_exception
    self.raise_uncaught_exception(exc)
  File "/Users/joeymarkley/Documents/Visual Studio Code/Mobile Development/SoundScout/backend-env/lib/python3.11/site-packages/rest_framework/views.py", line 480, in raise_uncaught_exception
    raise exc
  File "/Users/joeymarkley/Documents/Visual Studio Code/Mobile Development/SoundScout/backend-env/lib/python3.11/site-packages/rest_framework/views.py", line 506, in dispatch
    response = handler(request, *args, **kwargs)
               ^^^^^^^^^^^^^^^^^^^^^^^^^^^^^^^^^
  File "/Users/joeymarkley/Documents/Visual Studio Code/Mobile Development/SoundScout/backend-env/backend/spotify/views.py", line 61, in get
    for track in response.get('item'):
TypeError: 'NoneType' object is not iterable
Internal Server Error: /spotify/get-personal-tracks
Traceback (most recent call last):
  File "/Users/joeymarkley/Documents/Visual Studio Code/Mobile Development/SoundScout/backend-env/lib/python3.11/site-packages/django/core/handlers/exception.py", line 56, in inner
    response = get_response(request)
               ^^^^^^^^^^^^^^^^^^^^^
  File "/Users/joeymarkley/Documents/Visual Studio Code/Mobile Development/SoundScout/backend-env/lib/python3.11/site-packages/django/core/handlers/base.py", line 197, in _get_response
    response = wrapped_callback(request, *callback_args, **callback_kwargs)
               ^^^^^^^^^^^^^^^^^^^^^^^^^^^^^^^^^^^^^^^^^^^^^^^^^^^^^^^^^^^^
  File "/Users/joeymarkley/Documents/Visual Studio Code/Mobile Development/SoundScout/backend-env/lib/python3.11/site-packages/django/views/decorators/csrf.py", line 55, in wrapped_view
    return view_func(*args, **kwargs)
           ^^^^^^^^^^^^^^^^^^^^^^^^^^
  File "/Users/joeymarkley/Documents/Visual Studio Code/Mobile Development/SoundScout/backend-env/lib/python3.11/site-packages/django/views/generic/base.py", line 103, in view
    return self.dispatch(request, *args, **kwargs)
           ^^^^^^^^^^^^^^^^^^^^^^^^^^^^^^^^^^^^^^^
  File "/Users/joeymarkley/Documents/Visual Studio Code/Mobile Development/SoundScout/backend-env/lib/python3.11/site-packages/rest_framework/views.py", line 509, in dispatch
    response = self.handle_exception(exc)
               ^^^^^^^^^^^^^^^^^^^^^^^^^^
  File "/Users/joeymarkley/Documents/Visual Studio Code/Mobile Development/SoundScout/backend-env/lib/python3.11/site-packages/rest_framework/views.py", line 469, in handle_exception
    self.raise_uncaught_exception(exc)
  File "/Users/joeymarkley/Documents/Visual Studio Code/Mobile Development/SoundScout/backend-env/lib/python3.11/site-packages/rest_framework/views.py", line 480, in raise_uncaught_exception
    raise exc
  File "/Users/joeymarkley/Documents/Visual Studio Code/Mobile Development/SoundScout/backend-env/lib/python3.11/site-packages/rest_framework/views.py", line 506, in dispatch
    response = handler(request, *args, **kwargs)
               ^^^^^^^^^^^^^^^^^^^^^^^^^^^^^^^^^
  File "/Users/joeymarkley/Documents/Visual Studio Code/Mobile Development/SoundScout/backend-env/backend/spotify/views.py", line 61, in get
    for track in response.get('item'):
TypeError: 'NoneType' object is not iterable
Internal Server Error: /spotify/get-personal-tracks
Traceback (most recent call last):
  File "/Users/joeymarkley/Documents/Visual Studio Code/Mobile Development/SoundScout/backend-env/lib/python3.11/site-packages/django/core/handlers/exception.py", line 56, in inner
    response = get_response(request)
               ^^^^^^^^^^^^^^^^^^^^^
  File "/Users/joeymarkley/Documents/Visual Studio Code/Mobile Development/SoundScout/backend-env/lib/python3.11/site-packages/django/core/handlers/base.py", line 197, in _get_response
    response = wrapped_callback(request, *callback_args, **callback_kwargs)
               ^^^^^^^^^^^^^^^^^^^^^^^^^^^^^^^^^^^^^^^^^^^^^^^^^^^^^^^^^^^^
  File "/Users/joeymarkley/Documents/Visual Studio Code/Mobile Development/SoundScout/backend-env/lib/python3.11/site-packages/django/views/decorators/csrf.py", line 55, in wrapped_view
    return view_func(*args, **kwargs)
           ^^^^^^^^^^^^^^^^^^^^^^^^^^
  File "/Users/joeymarkley/Documents/Visual Studio Code/Mobile Development/SoundScout/backend-env/lib/python3.11/site-packages/django/views/generic/base.py", line 103, in view
    return self.dispatch(request, *args, **kwargs)
           ^^^^^^^^^^^^^^^^^^^^^^^^^^^^^^^^^^^^^^^
  File "/Users/joeymarkley/Documents/Visual Studio Code/Mobile Development/SoundScout/backend-env/lib/python3.11/site-packages/rest_framework/views.py", line 509, in dispatch
    response = self.handle_exception(exc)
               ^^^^^^^^^^^^^^^^^^^^^^^^^^
  File "/Users/joeymarkley/Documents/Visual Studio Code/Mobile Development/SoundScout/backend-env/lib/python3.11/site-packages/rest_framework/views.py", line 469, in handle_exception
    self.raise_uncaught_exception(exc)
  File "/Users/joeymarkley/Documents/Visual Studio Code/Mobile Development/SoundScout/backend-env/lib/python3.11/site-packages/rest_framework/views.py", line 480, in raise_uncaught_exception
    raise exc
  File "/Users/joeymarkley/Documents/Visual Studio Code/Mobile Development/SoundScout/backend-env/lib/python3.11/site-packages/rest_framework/views.py", line 506, in dispatch
    response = handler(request, *args, **kwargs)
               ^^^^^^^^^^^^^^^^^^^^^^^^^^^^^^^^^
  File "/Users/joeymarkley/Documents/Visual Studio Code/Mobile Development/SoundScout/backend-env/backend/spotify/views.py", line 68, in get
    for track in response.get('item'):
TypeError: 'NoneType' object is not iterable
Internal Server Error: /spotify/get-personal-tracks
Traceback (most recent call last):
  File "/Users/joeymarkley/Documents/Visual Studio Code/Mobile Development/SoundScout/backend-env/lib/python3.11/site-packages/django/core/handlers/exception.py", line 56, in inner
    response = get_response(request)
               ^^^^^^^^^^^^^^^^^^^^^
  File "/Users/joeymarkley/Documents/Visual Studio Code/Mobile Development/SoundScout/backend-env/lib/python3.11/site-packages/django/core/handlers/base.py", line 197, in _get_response
    response = wrapped_callback(request, *callback_args, **callback_kwargs)
               ^^^^^^^^^^^^^^^^^^^^^^^^^^^^^^^^^^^^^^^^^^^^^^^^^^^^^^^^^^^^
  File "/Users/joeymarkley/Documents/Visual Studio Code/Mobile Development/SoundScout/backend-env/lib/python3.11/site-packages/django/views/decorators/csrf.py", line 55, in wrapped_view
    return view_func(*args, **kwargs)
           ^^^^^^^^^^^^^^^^^^^^^^^^^^
  File "/Users/joeymarkley/Documents/Visual Studio Code/Mobile Development/SoundScout/backend-env/lib/python3.11/site-packages/django/views/generic/base.py", line 103, in view
    return self.dispatch(request, *args, **kwargs)
           ^^^^^^^^^^^^^^^^^^^^^^^^^^^^^^^^^^^^^^^
  File "/Users/joeymarkley/Documents/Visual Studio Code/Mobile Development/SoundScout/backend-env/lib/python3.11/site-packages/rest_framework/views.py", line 509, in dispatch
    response = self.handle_exception(exc)
               ^^^^^^^^^^^^^^^^^^^^^^^^^^
  File "/Users/joeymarkley/Documents/Visual Studio Code/Mobile Development/SoundScout/backend-env/lib/python3.11/site-packages/rest_framework/views.py", line 469, in handle_exception
    self.raise_uncaught_exception(exc)
  File "/Users/joeymarkley/Documents/Visual Studio Code/Mobile Development/SoundScout/backend-env/lib/python3.11/site-packages/rest_framework/views.py", line 480, in raise_uncaught_exception
    raise exc
  File "/Users/joeymarkley/Documents/Visual Studio Code/Mobile Development/SoundScout/backend-env/lib/python3.11/site-packages/rest_framework/views.py", line 506, in dispatch
    response = handler(request, *args, **kwargs)
               ^^^^^^^^^^^^^^^^^^^^^^^^^^^^^^^^^
  File "/Users/joeymarkley/Documents/Visual Studio Code/Mobile Development/SoundScout/backend-env/backend/spotify/views.py", line 68, in get
    for track in response.get('item'):
TypeError: 'NoneType' object is not iterable
Internal Server Error: /spotify/get-personal-tracks
Traceback (most recent call last):
  File "/Users/joeymarkley/Documents/Visual Studio Code/Mobile Development/SoundScout/backend-env/lib/python3.11/site-packages/django/core/handlers/exception.py", line 56, in inner
    response = get_response(request)
               ^^^^^^^^^^^^^^^^^^^^^
  File "/Users/joeymarkley/Documents/Visual Studio Code/Mobile Development/SoundScout/backend-env/lib/python3.11/site-packages/django/core/handlers/base.py", line 197, in _get_response
    response = wrapped_callback(request, *callback_args, **callback_kwargs)
               ^^^^^^^^^^^^^^^^^^^^^^^^^^^^^^^^^^^^^^^^^^^^^^^^^^^^^^^^^^^^
  File "/Users/joeymarkley/Documents/Visual Studio Code/Mobile Development/SoundScout/backend-env/lib/python3.11/site-packages/django/views/decorators/csrf.py", line 55, in wrapped_view
    return view_func(*args, **kwargs)
           ^^^^^^^^^^^^^^^^^^^^^^^^^^
  File "/Users/joeymarkley/Documents/Visual Studio Code/Mobile Development/SoundScout/backend-env/lib/python3.11/site-packages/django/views/generic/base.py", line 103, in view
    return self.dispatch(request, *args, **kwargs)
           ^^^^^^^^^^^^^^^^^^^^^^^^^^^^^^^^^^^^^^^
  File "/Users/joeymarkley/Documents/Visual Studio Code/Mobile Development/SoundScout/backend-env/lib/python3.11/site-packages/rest_framework/views.py", line 509, in dispatch
    response = self.handle_exception(exc)
               ^^^^^^^^^^^^^^^^^^^^^^^^^^
  File "/Users/joeymarkley/Documents/Visual Studio Code/Mobile Development/SoundScout/backend-env/lib/python3.11/site-packages/rest_framework/views.py", line 469, in handle_exception
    self.raise_uncaught_exception(exc)
  File "/Users/joeymarkley/Documents/Visual Studio Code/Mobile Development/SoundScout/backend-env/lib/python3.11/site-packages/rest_framework/views.py", line 480, in raise_uncaught_exception
    raise exc
  File "/Users/joeymarkley/Documents/Visual Studio Code/Mobile Development/SoundScout/backend-env/lib/python3.11/site-packages/rest_framework/views.py", line 506, in dispatch
    response = handler(request, *args, **kwargs)
               ^^^^^^^^^^^^^^^^^^^^^^^^^^^^^^^^^
  File "/Users/joeymarkley/Documents/Visual Studio Code/Mobile Development/SoundScout/backend-env/backend/spotify/views.py", line 68, in get
    for track in response.get('item'):
                 ^^^^^^^^^^^^
AttributeError: 'Response' object has no attribute 'get'
Internal Server Error: /spotify/get-personal-tracks
Traceback (most recent call last):
  File "/Users/joeymarkley/Documents/Visual Studio Code/Mobile Development/SoundScout/backend-env/lib/python3.11/site-packages/django/core/handlers/exception.py", line 56, in inner
    response = get_response(request)
               ^^^^^^^^^^^^^^^^^^^^^
  File "/Users/joeymarkley/Documents/Visual Studio Code/Mobile Development/SoundScout/backend-env/lib/python3.11/site-packages/django/core/handlers/base.py", line 197, in _get_response
    response = wrapped_callback(request, *callback_args, **callback_kwargs)
               ^^^^^^^^^^^^^^^^^^^^^^^^^^^^^^^^^^^^^^^^^^^^^^^^^^^^^^^^^^^^
  File "/Users/joeymarkley/Documents/Visual Studio Code/Mobile Development/SoundScout/backend-env/lib/python3.11/site-packages/django/views/decorators/csrf.py", line 55, in wrapped_view
    return view_func(*args, **kwargs)
           ^^^^^^^^^^^^^^^^^^^^^^^^^^
  File "/Users/joeymarkley/Documents/Visual Studio Code/Mobile Development/SoundScout/backend-env/lib/python3.11/site-packages/django/views/generic/base.py", line 103, in view
    return self.dispatch(request, *args, **kwargs)
           ^^^^^^^^^^^^^^^^^^^^^^^^^^^^^^^^^^^^^^^
  File "/Users/joeymarkley/Documents/Visual Studio Code/Mobile Development/SoundScout/backend-env/lib/python3.11/site-packages/rest_framework/views.py", line 509, in dispatch
    response = self.handle_exception(exc)
               ^^^^^^^^^^^^^^^^^^^^^^^^^^
  File "/Users/joeymarkley/Documents/Visual Studio Code/Mobile Development/SoundScout/backend-env/lib/python3.11/site-packages/rest_framework/views.py", line 469, in handle_exception
    self.raise_uncaught_exception(exc)
  File "/Users/joeymarkley/Documents/Visual Studio Code/Mobile Development/SoundScout/backend-env/lib/python3.11/site-packages/rest_framework/views.py", line 480, in raise_uncaught_exception
    raise exc
  File "/Users/joeymarkley/Documents/Visual Studio Code/Mobile Development/SoundScout/backend-env/lib/python3.11/site-packages/rest_framework/views.py", line 506, in dispatch
    response = handler(request, *args, **kwargs)
               ^^^^^^^^^^^^^^^^^^^^^^^^^^^^^^^^^
  File "/Users/joeymarkley/Documents/Visual Studio Code/Mobile Development/SoundScout/backend-env/backend/spotify/views.py", line 55, in get
    response = execute_spotify_api_request(user=request.user, endpoint=endpoint, data=data)['tracks']
               ~~~~~~~~~~~~~~~~~~~~~~~~~~~~~~~~~~~~~~~~~~~~~~~~~~~~~~~~~~~~~~~~~~~~~~~~~~~~^^^^^^^^^^
KeyError: 'tracks'
Internal Server Error: /spotify/get-personal-tracks
Traceback (most recent call last):
  File "/Users/joeymarkley/Documents/Visual Studio Code/Mobile Development/SoundScout/backend-env/lib/python3.11/site-packages/django/core/handlers/exception.py", line 56, in inner
    response = get_response(request)
               ^^^^^^^^^^^^^^^^^^^^^
  File "/Users/joeymarkley/Documents/Visual Studio Code/Mobile Development/SoundScout/backend-env/lib/python3.11/site-packages/django/core/handlers/base.py", line 197, in _get_response
    response = wrapped_callback(request, *callback_args, **callback_kwargs)
               ^^^^^^^^^^^^^^^^^^^^^^^^^^^^^^^^^^^^^^^^^^^^^^^^^^^^^^^^^^^^
  File "/Users/joeymarkley/Documents/Visual Studio Code/Mobile Development/SoundScout/backend-env/lib/python3.11/site-packages/django/views/decorators/csrf.py", line 55, in wrapped_view
    return view_func(*args, **kwargs)
           ^^^^^^^^^^^^^^^^^^^^^^^^^^
  File "/Users/joeymarkley/Documents/Visual Studio Code/Mobile Development/SoundScout/backend-env/lib/python3.11/site-packages/django/views/generic/base.py", line 103, in view
    return self.dispatch(request, *args, **kwargs)
           ^^^^^^^^^^^^^^^^^^^^^^^^^^^^^^^^^^^^^^^
  File "/Users/joeymarkley/Documents/Visual Studio Code/Mobile Development/SoundScout/backend-env/lib/python3.11/site-packages/rest_framework/views.py", line 509, in dispatch
    response = self.handle_exception(exc)
               ^^^^^^^^^^^^^^^^^^^^^^^^^^
  File "/Users/joeymarkley/Documents/Visual Studio Code/Mobile Development/SoundScout/backend-env/lib/python3.11/site-packages/rest_framework/views.py", line 469, in handle_exception
    self.raise_uncaught_exception(exc)
  File "/Users/joeymarkley/Documents/Visual Studio Code/Mobile Development/SoundScout/backend-env/lib/python3.11/site-packages/rest_framework/views.py", line 480, in raise_uncaught_exception
    raise exc
  File "/Users/joeymarkley/Documents/Visual Studio Code/Mobile Development/SoundScout/backend-env/lib/python3.11/site-packages/rest_framework/views.py", line 506, in dispatch
    response = handler(request, *args, **kwargs)
               ^^^^^^^^^^^^^^^^^^^^^^^^^^^^^^^^^
  File "/Users/joeymarkley/Documents/Visual Studio Code/Mobile Development/SoundScout/backend-env/backend/spotify/views.py", line 65, in get
    response = requests.request("GET", url, headers=headers, data=payload)['tracks']
               ~~~~~~~~~~~~~~~~~~~~~~~~~~~~~~~~~~~~~~~~~~~~~~~~~~~~~~~~~~~^^^^^^^^^^
TypeError: 'Response' object is not subscriptable
Internal Server Error: /spotify/get-personal-tracks
Traceback (most recent call last):
  File "/Users/joeymarkley/Documents/Visual Studio Code/Mobile Development/SoundScout/backend-env/lib/python3.11/site-packages/django/core/handlers/exception.py", line 56, in inner
    response = get_response(request)
               ^^^^^^^^^^^^^^^^^^^^^
  File "/Users/joeymarkley/Documents/Visual Studio Code/Mobile Development/SoundScout/backend-env/lib/python3.11/site-packages/django/core/handlers/base.py", line 197, in _get_response
    response = wrapped_callback(request, *callback_args, **callback_kwargs)
               ^^^^^^^^^^^^^^^^^^^^^^^^^^^^^^^^^^^^^^^^^^^^^^^^^^^^^^^^^^^^
  File "/Users/joeymarkley/Documents/Visual Studio Code/Mobile Development/SoundScout/backend-env/lib/python3.11/site-packages/django/views/decorators/csrf.py", line 55, in wrapped_view
    return view_func(*args, **kwargs)
           ^^^^^^^^^^^^^^^^^^^^^^^^^^
  File "/Users/joeymarkley/Documents/Visual Studio Code/Mobile Development/SoundScout/backend-env/lib/python3.11/site-packages/django/views/generic/base.py", line 103, in view
    return self.dispatch(request, *args, **kwargs)
           ^^^^^^^^^^^^^^^^^^^^^^^^^^^^^^^^^^^^^^^
  File "/Users/joeymarkley/Documents/Visual Studio Code/Mobile Development/SoundScout/backend-env/lib/python3.11/site-packages/rest_framework/views.py", line 509, in dispatch
    response = self.handle_exception(exc)
               ^^^^^^^^^^^^^^^^^^^^^^^^^^
  File "/Users/joeymarkley/Documents/Visual Studio Code/Mobile Development/SoundScout/backend-env/lib/python3.11/site-packages/rest_framework/views.py", line 469, in handle_exception
    self.raise_uncaught_exception(exc)
  File "/Users/joeymarkley/Documents/Visual Studio Code/Mobile Development/SoundScout/backend-env/lib/python3.11/site-packages/rest_framework/views.py", line 480, in raise_uncaught_exception
    raise exc
  File "/Users/joeymarkley/Documents/Visual Studio Code/Mobile Development/SoundScout/backend-env/lib/python3.11/site-packages/rest_framework/views.py", line 506, in dispatch
    response = handler(request, *args, **kwargs)
               ^^^^^^^^^^^^^^^^^^^^^^^^^^^^^^^^^
  File "/Users/joeymarkley/Documents/Visual Studio Code/Mobile Development/SoundScout/backend-env/backend/spotify/views.py", line 65, in get
    response = requests.request("GET", url, headers=headers, data=payload).get('tracks')
               ^^^^^^^^^^^^^^^^^^^^^^^^^^^^^^^^^^^^^^^^^^^^^^^^^^^^^^^^^^^^^^^
AttributeError: 'Response' object has no attribute 'get'
Internal Server Error: /spotify/get-personal-tracks
Traceback (most recent call last):
  File "/Users/joeymarkley/Documents/Visual Studio Code/Mobile Development/SoundScout/backend-env/lib/python3.11/site-packages/django/core/handlers/exception.py", line 56, in inner
    response = get_response(request)
               ^^^^^^^^^^^^^^^^^^^^^
  File "/Users/joeymarkley/Documents/Visual Studio Code/Mobile Development/SoundScout/backend-env/lib/python3.11/site-packages/django/core/handlers/base.py", line 197, in _get_response
    response = wrapped_callback(request, *callback_args, **callback_kwargs)
               ^^^^^^^^^^^^^^^^^^^^^^^^^^^^^^^^^^^^^^^^^^^^^^^^^^^^^^^^^^^^
  File "/Users/joeymarkley/Documents/Visual Studio Code/Mobile Development/SoundScout/backend-env/lib/python3.11/site-packages/django/views/decorators/csrf.py", line 55, in wrapped_view
    return view_func(*args, **kwargs)
           ^^^^^^^^^^^^^^^^^^^^^^^^^^
  File "/Users/joeymarkley/Documents/Visual Studio Code/Mobile Development/SoundScout/backend-env/lib/python3.11/site-packages/django/views/generic/base.py", line 103, in view
    return self.dispatch(request, *args, **kwargs)
           ^^^^^^^^^^^^^^^^^^^^^^^^^^^^^^^^^^^^^^^
  File "/Users/joeymarkley/Documents/Visual Studio Code/Mobile Development/SoundScout/backend-env/lib/python3.11/site-packages/rest_framework/views.py", line 509, in dispatch
    response = self.handle_exception(exc)
               ^^^^^^^^^^^^^^^^^^^^^^^^^^
  File "/Users/joeymarkley/Documents/Visual Studio Code/Mobile Development/SoundScout/backend-env/lib/python3.11/site-packages/rest_framework/views.py", line 469, in handle_exception
    self.raise_uncaught_exception(exc)
  File "/Users/joeymarkley/Documents/Visual Studio Code/Mobile Development/SoundScout/backend-env/lib/python3.11/site-packages/rest_framework/views.py", line 480, in raise_uncaught_exception
    raise exc
  File "/Users/joeymarkley/Documents/Visual Studio Code/Mobile Development/SoundScout/backend-env/lib/python3.11/site-packages/rest_framework/views.py", line 506, in dispatch
    response = handler(request, *args, **kwargs)
               ^^^^^^^^^^^^^^^^^^^^^^^^^^^^^^^^^
  File "/Users/joeymarkley/Documents/Visual Studio Code/Mobile Development/SoundScout/backend-env/backend/spotify/views.py", line 65, in get
    response = requests.request("GET", url, headers=headers, data=payload).get('tracks')
               ^^^^^^^^^^^^^^^^^^^^^^^^^^^^^^^^^^^^^^^^^^^^^^^^^^^^^^^^^^^^^^^
AttributeError: 'Response' object has no attribute 'get'
Internal Server Error: /spotify/get-personal-tracks
Traceback (most recent call last):
  File "/Users/joeymarkley/Documents/Visual Studio Code/Mobile Development/SoundScout/backend-env/lib/python3.11/site-packages/django/core/handlers/exception.py", line 56, in inner
    response = get_response(request)
               ^^^^^^^^^^^^^^^^^^^^^
  File "/Users/joeymarkley/Documents/Visual Studio Code/Mobile Development/SoundScout/backend-env/lib/python3.11/site-packages/django/core/handlers/base.py", line 197, in _get_response
    response = wrapped_callback(request, *callback_args, **callback_kwargs)
               ^^^^^^^^^^^^^^^^^^^^^^^^^^^^^^^^^^^^^^^^^^^^^^^^^^^^^^^^^^^^
  File "/Users/joeymarkley/Documents/Visual Studio Code/Mobile Development/SoundScout/backend-env/lib/python3.11/site-packages/django/views/decorators/csrf.py", line 55, in wrapped_view
    return view_func(*args, **kwargs)
           ^^^^^^^^^^^^^^^^^^^^^^^^^^
  File "/Users/joeymarkley/Documents/Visual Studio Code/Mobile Development/SoundScout/backend-env/lib/python3.11/site-packages/django/views/generic/base.py", line 103, in view
    return self.dispatch(request, *args, **kwargs)
           ^^^^^^^^^^^^^^^^^^^^^^^^^^^^^^^^^^^^^^^
  File "/Users/joeymarkley/Documents/Visual Studio Code/Mobile Development/SoundScout/backend-env/lib/python3.11/site-packages/rest_framework/views.py", line 509, in dispatch
    response = self.handle_exception(exc)
               ^^^^^^^^^^^^^^^^^^^^^^^^^^
  File "/Users/joeymarkley/Documents/Visual Studio Code/Mobile Development/SoundScout/backend-env/lib/python3.11/site-packages/rest_framework/views.py", line 469, in handle_exception
    self.raise_uncaught_exception(exc)
  File "/Users/joeymarkley/Documents/Visual Studio Code/Mobile Development/SoundScout/backend-env/lib/python3.11/site-packages/rest_framework/views.py", line 480, in raise_uncaught_exception
    raise exc
  File "/Users/joeymarkley/Documents/Visual Studio Code/Mobile Development/SoundScout/backend-env/lib/python3.11/site-packages/rest_framework/views.py", line 506, in dispatch
    response = handler(request, *args, **kwargs)
               ^^^^^^^^^^^^^^^^^^^^^^^^^^^^^^^^^
  File "/Users/joeymarkley/Documents/Visual Studio Code/Mobile Development/SoundScout/backend-env/backend/spotify/views.py", line 92, in get
    return Response({'Success': 'Top tracks successfully accessed.', 'tracks': response.get('tracks')}, status=status.HTTP_200_OK)
                                                                               ^^^^^^^^^^^^
AttributeError: 'Response' object has no attribute 'get'
Internal Server Error: /spotify/get-personal-tracks
Traceback (most recent call last):
  File "/Users/joeymarkley/Documents/Visual Studio Code/Mobile Development/SoundScout/backend-env/lib/python3.11/site-packages/django/core/handlers/exception.py", line 56, in inner
    response = get_response(request)
               ^^^^^^^^^^^^^^^^^^^^^
  File "/Users/joeymarkley/Documents/Visual Studio Code/Mobile Development/SoundScout/backend-env/lib/python3.11/site-packages/django/core/handlers/base.py", line 197, in _get_response
    response = wrapped_callback(request, *callback_args, **callback_kwargs)
               ^^^^^^^^^^^^^^^^^^^^^^^^^^^^^^^^^^^^^^^^^^^^^^^^^^^^^^^^^^^^
  File "/Users/joeymarkley/Documents/Visual Studio Code/Mobile Development/SoundScout/backend-env/lib/python3.11/site-packages/django/views/decorators/csrf.py", line 55, in wrapped_view
    return view_func(*args, **kwargs)
           ^^^^^^^^^^^^^^^^^^^^^^^^^^
  File "/Users/joeymarkley/Documents/Visual Studio Code/Mobile Development/SoundScout/backend-env/lib/python3.11/site-packages/django/views/generic/base.py", line 103, in view
    return self.dispatch(request, *args, **kwargs)
           ^^^^^^^^^^^^^^^^^^^^^^^^^^^^^^^^^^^^^^^
  File "/Users/joeymarkley/Documents/Visual Studio Code/Mobile Development/SoundScout/backend-env/lib/python3.11/site-packages/rest_framework/views.py", line 509, in dispatch
    response = self.handle_exception(exc)
               ^^^^^^^^^^^^^^^^^^^^^^^^^^
  File "/Users/joeymarkley/Documents/Visual Studio Code/Mobile Development/SoundScout/backend-env/lib/python3.11/site-packages/rest_framework/views.py", line 469, in handle_exception
    self.raise_uncaught_exception(exc)
  File "/Users/joeymarkley/Documents/Visual Studio Code/Mobile Development/SoundScout/backend-env/lib/python3.11/site-packages/rest_framework/views.py", line 480, in raise_uncaught_exception
    raise exc
  File "/Users/joeymarkley/Documents/Visual Studio Code/Mobile Development/SoundScout/backend-env/lib/python3.11/site-packages/rest_framework/views.py", line 506, in dispatch
    response = handler(request, *args, **kwargs)
               ^^^^^^^^^^^^^^^^^^^^^^^^^^^^^^^^^
  File "/Users/joeymarkley/Documents/Visual Studio Code/Mobile Development/SoundScout/backend-env/backend/spotify/views.py", line 58, in get
    for track in response.get('items'):
TypeError: 'NoneType' object is not iterable
Internal Server Error: /spotify/get-personal-tracks
Traceback (most recent call last):
  File "/Users/joeymarkley/Documents/Visual Studio Code/Mobile Development/SoundScout/backend-env/lib/python3.11/site-packages/django/core/handlers/exception.py", line 56, in inner
    response = get_response(request)
               ^^^^^^^^^^^^^^^^^^^^^
  File "/Users/joeymarkley/Documents/Visual Studio Code/Mobile Development/SoundScout/backend-env/lib/python3.11/site-packages/django/core/handlers/base.py", line 197, in _get_response
    response = wrapped_callback(request, *callback_args, **callback_kwargs)
               ^^^^^^^^^^^^^^^^^^^^^^^^^^^^^^^^^^^^^^^^^^^^^^^^^^^^^^^^^^^^
  File "/Users/joeymarkley/Documents/Visual Studio Code/Mobile Development/SoundScout/backend-env/lib/python3.11/site-packages/django/views/decorators/csrf.py", line 55, in wrapped_view
    return view_func(*args, **kwargs)
           ^^^^^^^^^^^^^^^^^^^^^^^^^^
  File "/Users/joeymarkley/Documents/Visual Studio Code/Mobile Development/SoundScout/backend-env/lib/python3.11/site-packages/django/views/generic/base.py", line 103, in view
    return self.dispatch(request, *args, **kwargs)
           ^^^^^^^^^^^^^^^^^^^^^^^^^^^^^^^^^^^^^^^
  File "/Users/joeymarkley/Documents/Visual Studio Code/Mobile Development/SoundScout/backend-env/lib/python3.11/site-packages/rest_framework/views.py", line 509, in dispatch
    response = self.handle_exception(exc)
               ^^^^^^^^^^^^^^^^^^^^^^^^^^
  File "/Users/joeymarkley/Documents/Visual Studio Code/Mobile Development/SoundScout/backend-env/lib/python3.11/site-packages/rest_framework/views.py", line 469, in handle_exception
    self.raise_uncaught_exception(exc)
  File "/Users/joeymarkley/Documents/Visual Studio Code/Mobile Development/SoundScout/backend-env/lib/python3.11/site-packages/rest_framework/views.py", line 480, in raise_uncaught_exception
    raise exc
  File "/Users/joeymarkley/Documents/Visual Studio Code/Mobile Development/SoundScout/backend-env/lib/python3.11/site-packages/rest_framework/views.py", line 506, in dispatch
    response = handler(request, *args, **kwargs)
               ^^^^^^^^^^^^^^^^^^^^^^^^^^^^^^^^^
  File "/Users/joeymarkley/Documents/Visual Studio Code/Mobile Development/SoundScout/backend-env/backend/spotify/views.py", line 55, in get
    response = execute_spotify_api_request(user=request.user, endpoint=endpoint)
               ^^^^^^^^^^^^^^^^^^^^^^^^^^^^^^^^^^^^^^^^^^^^^^^^^^^^^^^^^^^^^^^^^
  File "/Users/joeymarkley/Documents/Visual Studio Code/Mobile Development/SoundScout/backend-env/backend/spotify/utils.py", line 67, in execute_spotify_api_request
    header = {'Content-Type': 'application/json', 'Authorization': "Bearer " + token.access_token}
                                                                               ^^^^^^^^^^^^^^^^^^
AttributeError: 'NoneType' object has no attribute 'access_token'
